Jun 25 17:25:16: ocsipersist:dbm: Initializing ...
Jun 25 17:25:16: ocsipersist:dbm: Launching a new Ocsidbm process: /home/steck/.opam/4.06.1/lib/ocsigenserver/extensions/ocsidbm.opt on directory local/var/data/endpoints/ocsipersist.
Jun 25 17:25:17: ocsipersist:dbm: ...Initialization complete
Jun 25 17:25:17: ocsigen:config: While parsing config file, tag <host>: No defaulthostname, assuming it is "felafel"
Jun 25 17:56:17: ocsipersist:dbm: Initializing ...
Jun 25 17:56:19: ocsipersist:dbm: Launching a new Ocsidbm process: /home/steck/.opam/4.06.1/lib/ocsigenserver/extensions/ocsidbm.opt on directory local/var/data/endpoints/ocsipersist.
Jun 25 17:56:19: ocsipersist:dbm: ...Initialization complete
Jun 25 17:56:19: ocsigen:config: While parsing config file, tag <host>: No defaulthostname, assuming it is "felafel"
Jun 26 11:09:01: ocsipersist:dbm: Initializing ...
Jun 26 11:09:03: ocsipersist:dbm: Launching a new Ocsidbm process: /home/steck/.opam/4.06.1/lib/ocsigenserver/extensions/ocsidbm on directory local/var/data/endpoints/ocsipersist.
Jun 26 11:09:03: ocsipersist:dbm: ...Initialization complete
Jun 26 11:09:03: ocsigen:config: While parsing config file, tag <host>: No defaulthostname, assuming it is "felafel"
Jun 26 11:09:14: main: Unexpected exception in Server.wait_connection (handle connection): (Invalid_argument Lwt.wakeup)
Jun 26 11:19:33: ocsipersist:dbm: Initializing ...
Jun 26 11:19:35: ocsipersist:dbm: Launching a new Ocsidbm process: /home/steck/.opam/4.06.1/lib/ocsigenserver/extensions/ocsidbm.opt on directory local/var/data/endpoints/ocsipersist.
Jun 26 11:19:35: ocsipersist:dbm: ...Initialization complete
Jun 26 11:19:35: ocsigen:config: While parsing config file, tag <host>: No defaulthostname, assuming it is "felafel"
Jun 26 11:24:41: ocsipersist:dbm: Initializing ...
Jun 26 11:24:42: ocsipersist:dbm: Launching a new Ocsidbm process: /home/steck/.opam/4.06.1/lib/ocsigenserver/extensions/ocsidbm.opt on directory local/var/data/endpoints/ocsipersist.
Jun 26 11:24:42: ocsipersist:dbm: ...Initialization complete
Jun 26 11:24:42: ocsigen:config: While parsing config file, tag <host>: No defaulthostname, assuming it is "felafel"
Jun 26 11:25:24: ocsipersist:dbm: Initializing ...
Jun 26 11:25:24: ocsipersist:dbm: Launching a new Ocsidbm process: /home/steck/.opam/4.06.1/lib/ocsigenserver/extensions/ocsidbm.opt on directory local/var/data/endpoints/ocsipersist.
Jun 26 11:25:25: ocsipersist:dbm: ...Initialization complete
Jun 26 11:25:25: ocsigen:config: While parsing config file, tag <host>: No defaulthostname, assuming it is "felafel"
Jun 26 11:26:22: ocsipersist:dbm: Initializing ...
Jun 26 11:26:22: ocsipersist:dbm: Launching a new Ocsidbm process: /home/steck/.opam/4.06.1/lib/ocsigenserver/extensions/ocsidbm.opt on directory local/var/data/endpoints/ocsipersist.
Jun 26 11:26:23: ocsipersist:dbm: ...Initialization complete
Jun 26 11:26:23: ocsigen:config: While parsing config file, tag <host>: No defaulthostname, assuming it is "felafel"
Jun 26 11:37:24: ocsipersist:dbm: Initializing ...
Jun 26 11:37:25: ocsipersist:dbm: Launching a new Ocsidbm process: /home/steck/.opam/4.06.1/lib/ocsigenserver/extensions/ocsidbm.opt on directory local/var/data/endpoints/ocsipersist.
Jun 26 11:37:25: ocsipersist:dbm: ...Initialization complete
Jun 26 11:37:25: ocsigen:config: While parsing config file, tag <host>: No defaulthostname, assuming it is "felafel"
Jun 26 11:37:45: ocsipersist:dbm: Initializing ...
Jun 26 11:37:45: ocsipersist:dbm: Launching a new Ocsidbm process: /home/steck/.opam/4.06.1/lib/ocsigenserver/extensions/ocsidbm.opt on directory local/var/data/endpoints/ocsipersist.
Jun 26 11:37:46: ocsipersist:dbm: ...Initialization complete
Jun 26 11:37:46: ocsigen:config: While parsing config file, tag <host>: No defaulthostname, assuming it is "felafel"
Jun 26 11:42:52: ocsipersist:dbm: Initializing ...
Jun 26 11:42:52: ocsipersist:dbm: Launching a new Ocsidbm process: /home/steck/.opam/4.06.1/lib/ocsigenserver/extensions/ocsidbm.opt on directory local/var/data/endpoints/ocsipersist.
Jun 26 11:42:53: ocsipersist:dbm: ...Initialization complete
Jun 26 11:42:53: ocsigen:config: While parsing config file, tag <host>: No defaulthostname, assuming it is "felafel"
Jun 26 12:03:05: ocsipersist:dbm: Initializing ...
Jun 26 12:03:05: ocsipersist:dbm: Launching a new Ocsidbm process: /home/steck/.opam/4.06.1/lib/ocsigenserver/extensions/ocsidbm.opt on directory local/var/data/endpoints/ocsipersist.
Jun 26 12:03:06: ocsipersist:dbm: ...Initialization complete
Jun 26 12:03:06: ocsigen:config: While parsing config file, tag <host>: No defaulthostname, assuming it is "felafel"
Jun 26 12:05:03: ocsipersist:dbm: Initializing ...
Jun 26 12:05:05: ocsipersist:dbm: Launching a new Ocsidbm process: /home/steck/.opam/4.06.1/lib/ocsigenserver/extensions/ocsidbm.opt on directory local/var/data/endpoints/ocsipersist.
Jun 26 12:05:05: ocsipersist:dbm: ...Initialization complete
Jun 26 12:05:05: ocsigen:config: While parsing config file, tag <host>: No defaulthostname, assuming it is "felafel"
Jun 26 13:37:53: ocsipersist:dbm: Initializing ...
Jun 26 13:37:54: ocsipersist:dbm: Launching a new Ocsidbm process: /home/steck/.opam/4.06.1/lib/ocsigenserver/extensions/ocsidbm.opt on directory local/var/data/endpoints/ocsipersist.
Jun 26 13:37:54: ocsipersist:dbm: ...Initialization complete
Jun 26 13:37:54: ocsigen:config: While parsing config file, tag <host>: No defaulthostname, assuming it is "felafel"
Jun 26 13:40:50: ocsipersist:dbm: Initializing ...
Jun 26 13:40:50: ocsipersist:dbm: Launching a new Ocsidbm process: /home/steck/.opam/4.06.1/lib/ocsigenserver/extensions/ocsidbm.opt on directory local/var/data/endpoints/ocsipersist.
Jun 26 13:40:51: ocsipersist:dbm: ...Initialization complete
Jun 26 13:40:51: ocsigen:config: While parsing config file, tag <host>: No defaulthostname, assuming it is "felafel"
Jun 26 14:41:13: ocsipersist:dbm: Initializing ...
Jun 26 14:41:13: ocsipersist:dbm: Launching a new Ocsidbm process: /home/steck/.opam/4.06.1/lib/ocsigenserver/extensions/ocsidbm.opt on directory local/var/data/endpoints/ocsipersist.
Jun 26 14:41:14: ocsipersist:dbm: ...Initialization complete
Jun 26 14:41:14: ocsigen:config: While parsing config file, tag <host>: No defaulthostname, assuming it is "felafel"
Jun 26 14:44:28: ocsipersist:dbm: Initializing ...
Jun 26 14:44:28: ocsipersist:dbm: Launching a new Ocsidbm process: /home/steck/.opam/4.06.1/lib/ocsigenserver/extensions/ocsidbm.opt on directory local/var/data/endpoints/ocsipersist.
Jun 26 14:44:30: ocsipersist:dbm: ...Initialization complete
Jun 26 14:44:30: ocsigen:config: While parsing config file, tag <host>: No defaulthostname, assuming it is "felafel"
Jun 26 14:49:21: ocsipersist:dbm: Initializing ...
Jun 26 14:49:22: ocsipersist:dbm: Launching a new Ocsidbm process: /home/steck/.opam/4.06.1/lib/ocsigenserver/extensions/ocsidbm.opt on directory local/var/data/endpoints/ocsipersist.
Jun 26 14:49:22: ocsipersist:dbm: ...Initialization complete
Jun 26 14:49:22: ocsigen:config: While parsing config file, tag <host>: No defaulthostname, assuming it is "felafel"
Jun 26 14:52:52: ocsipersist:dbm: Initializing ...
Jun 26 14:52:52: ocsipersist:dbm: Launching a new Ocsidbm process: /home/steck/.opam/4.06.1/lib/ocsigenserver/extensions/ocsidbm.opt on directory local/var/data/endpoints/ocsipersist.
Jun 26 14:52:54: ocsipersist:dbm: ...Initialization complete
Jun 26 14:52:54: ocsigen:config: While parsing config file, tag <host>: No defaulthostname, assuming it is "felafel"
Jun 26 14:53:32: ocsipersist:dbm: Initializing ...
Jun 26 14:53:32: ocsipersist:dbm: Launching a new Ocsidbm process: /home/steck/.opam/4.06.1/lib/ocsigenserver/extensions/ocsidbm.opt on directory local/var/data/endpoints/ocsipersist.
Jun 26 14:53:33: ocsipersist:dbm: ...Initialization complete
Jun 26 14:53:33: ocsigen:config: While parsing config file, tag <host>: No defaulthostname, assuming it is "felafel"
Jun 26 14:55:15: ocsipersist:dbm: Initializing ...
Jun 26 14:55:15: ocsipersist:dbm: Launching a new Ocsidbm process: /home/steck/.opam/4.06.1/lib/ocsigenserver/extensions/ocsidbm.opt on directory local/var/data/endpoints/ocsipersist.
Jun 26 14:55:16: ocsipersist:dbm: ...Initialization complete
Jun 26 14:55:16: ocsigen:config: While parsing config file, tag <host>: No defaulthostname, assuming it is "felafel"
Jun 26 14:56:41: ocsipersist:dbm: Initializing ...
Jun 26 14:56:41: ocsipersist:dbm: Launching a new Ocsidbm process: /home/steck/.opam/4.06.1/lib/ocsigenserver/extensions/ocsidbm.opt on directory local/var/data/endpoints/ocsipersist.
Jun 26 14:56:42: ocsipersist:dbm: ...Initialization complete
Jun 26 14:56:43: ocsigen:config: While parsing config file, tag <host>: No defaulthostname, assuming it is "felafel"
Jun 26 15:01:13: ocsipersist:dbm: Initializing ...
Jun 26 15:01:14: ocsipersist:dbm: Launching a new Ocsidbm process: /home/steck/.opam/4.06.1/lib/ocsigenserver/extensions/ocsidbm.opt on directory local/var/data/endpoints/ocsipersist.
Jun 26 15:01:14: ocsipersist:dbm: ...Initialization complete
Jun 26 15:01:14: ocsigen:config: While parsing config file, tag <host>: No defaulthostname, assuming it is "felafel"
Jun 26 15:14:37: ocsipersist:dbm: Initializing ...
Jun 26 15:14:37: ocsipersist:dbm: Launching a new Ocsidbm process: /home/steck/.opam/4.06.1/lib/ocsigenserver/extensions/ocsidbm.opt on directory local/var/data/endpoints/ocsipersist.
Jun 26 15:14:38: ocsipersist:dbm: ...Initialization complete
Jun 26 15:14:39: ocsigen:config: While parsing config file, tag <host>: No defaulthostname, assuming it is "felafel"
Jun 26 15:18:23: ocsipersist:dbm: Initializing ...
Jun 26 15:18:23: ocsipersist:dbm: Launching a new Ocsidbm process: /home/steck/.opam/4.06.1/lib/ocsigenserver/extensions/ocsidbm.opt on directory local/var/data/endpoints/ocsipersist.
Jun 26 15:18:24: ocsipersist:dbm: ...Initialization complete
Jun 26 15:18:24: ocsigen:config: While parsing config file, tag <host>: No defaulthostname, assuming it is "felafel"
Jun 26 15:29:37: ocsipersist:dbm: Initializing ...
Jun 26 15:29:37: ocsipersist:dbm: Launching a new Ocsidbm process: /home/steck/.opam/4.06.1/lib/ocsigenserver/extensions/ocsidbm.opt on directory local/var/data/endpoints/ocsipersist.
Jun 26 15:29:38: ocsipersist:dbm: ...Initialization complete
Jun 26 15:29:38: ocsigen:config: While parsing config file, tag <host>: No defaulthostname, assuming it is "felafel"
Jun 26 15:30:12: ocsipersist:dbm: Initializing ...
Jun 26 15:30:13: ocsipersist:dbm: Launching a new Ocsidbm process: /home/steck/.opam/4.06.1/lib/ocsigenserver/extensions/ocsidbm.opt on directory local/var/data/endpoints/ocsipersist.
Jun 26 15:30:13: ocsipersist:dbm: ...Initialization complete
Jun 26 15:30:13: ocsigen:config: While parsing config file, tag <host>: No defaulthostname, assuming it is "felafel"
Jun 26 15:30:35: ocsipersist:dbm: Initializing ...
Jun 26 15:30:35: ocsipersist:dbm: Launching a new Ocsidbm process: /home/steck/.opam/4.06.1/lib/ocsigenserver/extensions/ocsidbm.opt on directory local/var/data/endpoints/ocsipersist.
Jun 26 15:30:37: ocsipersist:dbm: ...Initialization complete
Jun 26 15:30:37: ocsigen:config: While parsing config file, tag <host>: No defaulthostname, assuming it is "felafel"
Jun 26 15:31:39: ocsipersist:dbm: Initializing ...
Jun 26 15:31:40: ocsipersist:dbm: Launching a new Ocsidbm process: /home/steck/.opam/4.06.1/lib/ocsigenserver/extensions/ocsidbm.opt on directory local/var/data/endpoints/ocsipersist.
Jun 26 15:31:40: ocsipersist:dbm: ...Initialization complete
Jun 26 15:31:40: ocsigen:config: While parsing config file, tag <host>: No defaulthostname, assuming it is "felafel"
Jun 26 15:32:55: ocsipersist:dbm: Initializing ...
Jun 26 15:32:57: ocsipersist:dbm: Launching a new Ocsidbm process: /home/steck/.opam/4.06.1/lib/ocsigenserver/extensions/ocsidbm.opt on directory local/var/data/endpoints/ocsipersist.
Jun 26 15:32:57: ocsipersist:dbm: ...Initialization complete
Jun 26 15:32:57: ocsigen:config: While parsing config file, tag <host>: No defaulthostname, assuming it is "felafel"
Jun 26 15:33:39: ocsipersist:dbm: Initializing ...
Jun 26 15:33:39: ocsipersist:dbm: Launching a new Ocsidbm process: /home/steck/.opam/4.06.1/lib/ocsigenserver/extensions/ocsidbm.opt on directory local/var/data/endpoints/ocsipersist.
Jun 26 15:33:40: ocsipersist:dbm: ...Initialization complete
Jun 26 15:33:40: ocsigen:config: While parsing config file, tag <host>: No defaulthostname, assuming it is "felafel"
Jun 26 15:34:07: ocsigen:main: Exn during page generation (sending 500): (Failure Netencoding.Url.dest_url_encoded_parameters)
Jun 26 15:34:18: ocsigen:main: Exn during page generation (sending 500): (Failure Netencoding.Url.dest_url_encoded_parameters)
Jun 26 15:35:38: ocsipersist:dbm: Initializing ...
Jun 26 15:35:39: ocsipersist:dbm: Launching a new Ocsidbm process: /home/steck/.opam/4.06.1/lib/ocsigenserver/extensions/ocsidbm.opt on directory local/var/data/endpoints/ocsipersist.
Jun 26 15:35:39: ocsipersist:dbm: ...Initialization complete
Jun 26 15:35:39: ocsigen:config: While parsing config file, tag <host>: No defaulthostname, assuming it is "felafel"
Jun 26 15:35:56: ocsigen:main: Exn during page generation (sending 500): (Failure Netencoding.Url.dest_url_encoded_parameters)
Jun 26 15:36:03: ocsigen:main: Exn during page generation (sending 500): (Failure Netencoding.Url.dest_url_encoded_parameters)
Jun 26 15:36:20: ocsigen:main: Exn during page generation (sending 500): (Failure Netencoding.Url.dest_url_encoded_parameters)
Jun 26 15:43:43: ocsipersist:dbm: Initializing ...
Jun 26 15:43:43: ocsipersist:dbm: Launching a new Ocsidbm process: /home/steck/.opam/4.06.1/lib/ocsigenserver/extensions/ocsidbm.opt on directory local/var/data/endpoints/ocsipersist.
Jun 26 15:43:44: ocsipersist:dbm: ...Initialization complete
Jun 26 15:43:44: ocsigen:config: While parsing config file, tag <host>: No defaulthostname, assuming it is "felafel"
